#
# There is insufficient memory for the Java Runtime Environment to continue.
# Native memory allocation (mmap) failed to map 134217728 bytes for Failed to commit area from 0x0000000081a00000 to 0x0000000089a00000 of length 134217728.
# Possible reasons:
#   The system is out of physical RAM or swap space
#   The process is running with CompressedOops enabled, and the Java Heap may be blocking the growth of the native heap
# Possible solutions:
#   Reduce memory load on the system
#   Increase physical memory or swap space
#   Check if swap backing store is full
#   Decrease Java heap size (-Xmx/-Xms)
#   Decrease number of Java threads
#   Decrease Java thread stack sizes (-Xss)
#   Set larger code cache with -XX:ReservedCodeCacheSize=
# This output file may be truncated or incomplete.
#
#  Out of Memory Error (t:/workspace/hotspot/src/os/windows/vm/os_windows.cpp:3357), pid=13556, tid=13768
#
# JRE version:  (9.0+11) (build )
# Java VM: Java HotSpot(TM) 64-Bit Server VM (9.0.4+11, mixed mode, tiered, compressed oops, g1 gc, windows-amd64)
# No core dump will be written. Minidumps are not enabled by default on client versions of Windows
#

---------------  S U M M A R Y ------------

Command Line: -Dfile.encoding=Cp1252 chaosPlotterClient.MainClient

Host: Intel(R) Core(TM) i5-5300U CPU @ 2.30GHz, 4 cores, 7G,  Windows 8.1 , 64 bit Build 9600 (6.3.9600.17415)
Time: Fri Nov 16 00:12:36 2018 Central Standard Time elapsed time: 0 seconds (0d 0h 0m 0s)

---------------  T H R E A D  ---------------

Current thread (0x000000e6c0982800):  JavaThread "Unknown thread" [_thread_in_vm, id=13768, stack(0x000000e6c2290000,0x000000e6c2390000)]

Stack: [0x000000e6c2290000,0x000000e6c2390000]
Native frames: (J=compiled Java code, j=interpreted, Vv=VM code, C=native code)
V  [jvm.dll+0x587068]
V  [jvm.dll+0x69c25e]
V  [jvm.dll+0x69d17a]
V  [jvm.dll+0x69d7b3]
V  [jvm.dll+0x21d198]
V  [jvm.dll+0x584bb4]
V  [jvm.dll+0x57a095]
V  [jvm.dll+0x2cd67b]
V  [jvm.dll+0x2cd5e3]
V  [jvm.dll+0x2cd4b2]
V  [jvm.dll+0x2cf4b3]
V  [jvm.dll+0x3191e3]
V  [jvm.dll+0x3198f6]
V  [jvm.dll+0x3192e3]
V  [jvm.dll+0x2adeb8]
V  [jvm.dll+0x2af0e7]
V  [jvm.dll+0x67b34d]
V  [jvm.dll+0x67c70c]
V  [jvm.dll+0x3269c9]
V  [jvm.dll+0x66555e]
V  [jvm.dll+0x391811]
V  [jvm.dll+0x3937c1]
C  [javaw.exe+0x3501]
C  [javaw.exe+0xe25f]
C  [javaw.exe+0xe406]
C  [KERNEL32.DLL+0x13d2]
C  [ntdll.dll+0x154f4]


---------------  P R O C E S S  ---------------

Java Threads: ( => current thread )

Other Threads:
  0x000000e6c099c000 GCTaskThread "GC Thread#0" [stack: 0x000000e6d80e0000,0x000000e6d81e0000] [id=2520]
  0x000000e6c099d800 GCTaskThread "GC Thread#1" [stack: 0x000000e6d81e0000,0x000000e6d82e0000] [id=200]
  0x000000e6c09a4000 GCTaskThread "GC Thread#2" [stack: 0x000000e6d82e0000,0x000000e6d83e0000] [id=8852]
  0x000000e6c09a5000 GCTaskThread "GC Thread#3" [stack: 0x000000e6d83e0000,0x000000e6d84e0000] [id=14044]
  0x000000e6c0a18800 ConcurrentGCThread "G1 Main Marker" [stack: 0x000000e6dddf0000,0x000000e6ddef0000] [id=13132]
  0x000000e6c0a19000 ConcurrentGCThread "G1 Marker#0" [stack: 0x000000e6ddef0000,0x000000e6ddff0000] [id=96]
  0x000000e6c09b0000 ConcurrentGCThread "G1 Refine#0" [stack: 0x000000e6d8c20000,0x000000e6d8d20000] [id=13452]
  0x000000e6c09af000 ConcurrentGCThread "G1 Refine#1" [stack: 0x000000e6d8b20000,0x000000e6d8c20000] [id=7888]
  0x000000e6c09ae000 ConcurrentGCThread "G1 Refine#2" [stack: 0x000000e6d8a20000,0x000000e6d8b20000] [id=10424]
  0x000000e6c09ab000 ConcurrentGCThread "G1 Refine#3" [stack: 0x000000e6d8920000,0x000000e6d8a20000] [id=13896]
  0x000000e6c09b1000 ConcurrentGCThread "G1 Young RemSet Sampling" [stack: 0x000000e6d8d20000,0x000000e6d8e20000] [id=8348]

=>0x000000e6c0982800 (exited) JavaThread "Unknown thread" [_thread_in_vm, id=13768, stack(0x000000e6c2290000,0x000000e6c2390000)]

Threads with active compile tasks:

VM state:not at safepoint (not fully initialized)

VM Mutex/Monitor currently owned by a thread:  ([mutex/lock_event])
[0x000000e6c0980c50] Heap_lock - owner thread: 0x000000e6c0982800

Heap address: 0x0000000081a00000, size: 2022 MB, Compressed Oops mode: Non-zero based: 0x0000000081a00000
Narrow klass base: 0x0000000000000000, Narrow klass shift: 0

GC Heap History (0 events):
No events

Deoptimization events (0 events):
No events

Classes redefined (0 events):
No events

Internal exceptions (0 events):
No events

Events (0 events):
No events


Dynamic libraries:
0x00007ff723fc0000 - 0x00007ff723ffe000 	C:\Program Files\Java\jre-9.0.4\bin\javaw.exe
0x00007ff96ca50000 - 0x00007ff96cbfd000 	C:\windows\SYSTEM32\ntdll.dll
0x00007ff96a450000 - 0x00007ff96a58e000 	C:\windows\system32\KERNEL32.DLL
0x00007ff969f00000 - 0x00007ff96a016000 	C:\windows\system32\KERNELBASE.dll
0x00007ff96a3a0000 - 0x00007ff96a44a000 	C:\windows\system32\ADVAPI32.dll
0x00007ff96c3e0000 - 0x00007ff96c557000 	C:\windows\system32\USER32.dll
0x00007ff967fd0000 - 0x00007ff96824b000 	C:\windows\WinSxS\amd64_microsoft.windows.common-controls_6595b64144ccf1df_6.0.9600.18006_none_623f33d3ecbe86e8\COMCTL32.dll
0x00007ff9649d0000 - 0x00007ff9649da000 	C:\windows\SYSTEM32\VERSION.dll
0x00007ff96c930000 - 0x00007ff96c9da000 	C:\windows\system32\msvcrt.dll
0x00007ff96c380000 - 0x00007ff96c3d9000 	C:\windows\SYSTEM32\sechost.dll
0x00007ff96a810000 - 0x00007ff96a950000 	C:\windows\system32\RPCRT4.dll
0x00007ff96c7e0000 - 0x00007ff96c92c000 	C:\windows\system32\GDI32.dll
0x00007ff969e20000 - 0x00007ff969e4e000 	C:\windows\system32\SspiCli.dll
0x00007ff96a0d0000 - 0x00007ff96a106000 	C:\windows\system32\IMM32.DLL
0x00007ff96aa10000 - 0x00007ff96ab61000 	C:\windows\system32\MSCTF.dll
0x00007ff954900000 - 0x00007ff9549ef000 	C:\Program Files\Java\jre-9.0.4\bin\msvcr120.dll
0x00007ff954600000 - 0x00007ff9546a6000 	C:\Program Files\Java\jre-9.0.4\bin\msvcp120.dll
0x00000000729d0000 - 0x00000000733f5000 	C:\Program Files\Java\jre-9.0.4\bin\server\jvm.dll
0x00007ff964830000 - 0x00007ff964839000 	C:\windows\SYSTEM32\WSOCK32.dll
0x00007ff962010000 - 0x00007ff962032000 	C:\windows\SYSTEM32\WINMM.dll
0x00007ff96c9e0000 - 0x00007ff96c9e7000 	C:\windows\system32\PSAPI.DLL
0x00007ff96c9f0000 - 0x00007ff96ca4a000 	C:\windows\system32\WS2_32.dll
0x00007ff961fe0000 - 0x00007ff96200a000 	C:\windows\SYSTEM32\WINMMBASE.dll
0x00007ff96a800000 - 0x00007ff96a809000 	C:\windows\system32\NSI.dll
0x00007ff969eb0000 - 0x00007ff969eff000 	C:\windows\SYSTEM32\cfgmgr32.dll
0x00007ff968980000 - 0x00007ff9689a8000 	C:\windows\SYSTEM32\DEVOBJ.dll
0x00007ff954e10000 - 0x00007ff954e1f000 	C:\Program Files\Java\jre-9.0.4\bin\verify.dll
0x00007ff954b60000 - 0x00007ff954b87000 	C:\Program Files\Java\jre-9.0.4\bin\java.dll
0x00007ff9548e0000 - 0x00007ff9548f6000 	C:\Program Files\Java\jre-9.0.4\bin\zip.dll
0x00007ff954d20000 - 0x00007ff954d2a000 	C:\Program Files\Java\jre-9.0.4\bin\jimage.dll
0x00007ff964840000 - 0x00007ff9649c9000 	C:\windows\SYSTEM32\dbghelp.dll

VM Arguments:
jvm_args: -Dfile.encoding=Cp1252 
java_command: chaosPlotterClient.MainClient
java_class_path (initial): C:\Users\19AidanJM\workspace\chaosPlotterClient\bin
Launcher Type: SUN_STANDARD

Logging:
Log output configuration:
#0: stdout all=warning uptime,level,tags
#1: stderr all=off uptime,level,tags

Environment Variables:
PATH=C:/Program Files/Java/jre1.8.0_144/bin/server;C:/Program Files/Java/jre1.8.0_144/bin;C:/Program Files/Java/jre1.8.0_144/lib/amd64;C:\Program Files (x86)\NVIDIA Corporation\PhysX\Common;C:\ProgramData\Oracle\Java\javapath;C:\Program Files (x86)\Intel\iCLS Client\;C:\Program Files\Intel\iCLS Client\;C:\windows\system32;C:\windows;C:\windows\System32\Wbem;C:\windows\System32\WindowsPowerShell\v1.0\;C:\Program Files\Intel\Intel(R) Management Engine Components\DAL;C:\Program Files (x86)\Intel\Intel(R) Management Engine Components\DAL;C:\Program Files\Intel\Intel(R) Management Engine Components\IPT;C:\Program Files (x86)\Intel\Intel(R) Management Engine Components\IPT;C:\ProgramData\Lenovo\ReadyApps;C:\Program Files\Intel\WiFi\bin\;C:\Program Files\Common Files\Intel\WirelessCommon\;C:\Program Files (x86)\Windows Live\Shared;C:\Program Files (x86)\QuickTime\QTSystem\;C:\Program Files (x86)\Livestreamer;C:\Program Files (x86)\Skype\Phone\;C:\Users\19AidanJM\AppData\Local\Programs\Python\Python36-32\Scripts;C:\windows\system32;
USERNAME=19AidanJM
OS=Windows_NT
PROCESSOR_IDENTIFIER=Intel64 Family 6 Model 61 Stepping 4, GenuineIntel



---------------  S Y S T E M  ---------------

OS: Windows 8.1 , 64 bit Build 9600 (6.3.9600.17415)

CPU:total 4 (initial active 4) (2 cores per cpu, 2 threads per core) family 6 model 61 stepping 4, cmov, cx8, fxsr, mmx, sse, sse2, sse3, ssse3, sse4.1, sse4.2, popcnt, avx, avx2, aes, clmul, erms, rtm, 3dnowpref, lzcnt, ht, tsc, tscinvbit, bmi1, bmi2, adx, fma

Memory: 4k page, physical 8275712k(898792k free), swap 11407428k(35728k free)

vm_info: Java HotSpot(TM) 64-Bit Server VM (9.0.4+11) for windows-amd64 JRE (9.0.4+11), built on Dec 20 2017 02:18:54 by "mach5one" with MS VC++ 12.0 (VS2013)

END.
